[35m[1mScanning dependencies of target 3omni[0m
[ 50%] [32mBuilding CXX object CMakeFiles/3omni.dir/src/3omni.cpp.o[0m
[01m[K/home/m/cubic_ws/src/omni/src/3omni.cpp:[m[K In function â€˜[01m[Kvoid target_culc()[m[Kâ€™:
[01m[K/home/m/cubic_ws/src/omni/src/3omni.cpp:51:14:[m[K [01;31m[Kerror: [m[Kâ€˜[01m[Ke_sum[m[Kâ€™ was not declared in this scope; did you mean â€˜[01m[Ks_sum[m[Kâ€™?
   51 |     }else if([01;31m[Ke_sum[m[K == 0){//ã‚¨ãƒ©ãƒ¼
      |              [01;31m[K^~~~~[m[K
      |              [32m[Ks_sum[m[K
[01m[K/home/m/cubic_ws/src/omni/src/3omni.cpp:[m[K In function â€˜[01m[Kvoid publish()[m[Kâ€™:
[01m[K/home/m/cubic_ws/src/omni/src/3omni.cpp:82:18:[m[K [01;31m[Kerror: [m[Kâ€˜[01m[Ke[m[Kâ€™ was not declared in this scope
   82 |  order.data[i] = [01;31m[Ke[m[K[i];
      |                  [01;31m[K^[m[K
make[2]: *** [CMakeFiles/3omni.dir/build.make:63: CMakeFiles/3omni.dir/src/3omni.cpp.o] ã‚¨ãƒ©ãƒ¼ 1
make[1]: *** [CMakeFiles/Makefile2:155: CMakeFiles/3omni.dir/all] ã‚¨ãƒ©ãƒ¼ 2
make: *** [Makefile:141: all] ã‚¨ãƒ©ãƒ¼ 2
